<?xml version="1.0" encoding="UTF-8"?>
<coverage generated="1697120597175" clover="3.2.0">
  <project timestamp="1697120597175" name="All files">
    <metrics statements="513" coveredstatements="278" conditionals="76" coveredconditionals="72" methods="26" coveredmethods="24" elements="615" coveredelements="374" complexity="0" loc="513" ncloc="513" packages="1" files="4" classes="4"/>
    <file name="ball.ts" path="F:\playground\water_melon_game\src\ball.ts">
      <metrics statements="107" coveredstatements="102" conditionals="25" coveredconditionals="22" methods="16" coveredmethods="15"/>
      <line num="1" count="1" type="stmt"/>
      <line num="2" count="1" type="stmt"/>
      <line num="3" count="1" type="cond" truecount="1" falsecount="0"/>
      <line num="4" count="715" type="stmt"/>
      <line num="5" count="715" type="stmt"/>
      <line num="6" count="715" type="stmt"/>
      <line num="7" count="715" type="stmt"/>
      <line num="8" count="715" type="stmt"/>
      <line num="9" count="715" type="stmt"/>
      <line num="10" count="715" type="cond" truecount="1" falsecount="0"/>
      <line num="11" count="715" type="stmt"/>
      <line num="12" count="715" type="stmt"/>
      <line num="13" count="715" type="stmt"/>
      <line num="14" count="715" type="stmt"/>
      <line num="15" count="715" type="stmt"/>
      <line num="16" count="715" type="stmt"/>
      <line num="17" count="715" type="stmt"/>
      <line num="18" count="715" type="cond" truecount="1" falsecount="0"/>
      <line num="19" count="10802" type="stmt"/>
      <line num="20" count="10802" type="stmt"/>
      <line num="21" count="715" type="stmt"/>
      <line num="22" count="715" type="cond" truecount="1" falsecount="0"/>
      <line num="23" count="3025" type="stmt"/>
      <line num="24" count="3025" type="stmt"/>
      <line num="25" count="715" type="stmt"/>
      <line num="26" count="715" type="cond" truecount="1" falsecount="0"/>
      <line num="27" count="20317" type="stmt"/>
      <line num="28" count="20317" type="stmt"/>
      <line num="29" count="715" type="cond" truecount="1" falsecount="0"/>
      <line num="30" count="11" type="stmt"/>
      <line num="31" count="11" type="stmt"/>
      <line num="32" count="715" type="cond" truecount="1" falsecount="0"/>
      <line num="33" count="2915" type="stmt"/>
      <line num="34" count="2915" type="stmt"/>
      <line num="35" count="715" type="cond" truecount="1" falsecount="0"/>
      <line num="36" count="22" type="stmt"/>
      <line num="37" count="22" type="stmt"/>
      <line num="38" count="715" type="cond" truecount="1" falsecount="0"/>
      <line num="39" count="11" type="stmt"/>
      <line num="40" count="11" type="stmt"/>
      <line num="41" count="715" type="stmt"/>
      <line num="42" count="715" type="cond" truecount="1" falsecount="0"/>
      <line num="43" count="792" type="stmt"/>
      <line num="44" count="792" type="stmt"/>
      <line num="45" count="715" type="stmt"/>
      <line num="46" count="715" type="cond" truecount="1" falsecount="0"/>
      <line num="47" count="33" type="stmt"/>
      <line num="48" count="33" type="stmt"/>
      <line num="49" count="33" type="stmt"/>
      <line num="50" count="715" type="stmt"/>
      <line num="51" count="715" type="cond" truecount="1" falsecount="0"/>
      <line num="52" count="22" type="stmt"/>
      <line num="53" count="22" type="stmt"/>
      <line num="54" count="22" type="stmt"/>
      <line num="55" count="715" type="stmt"/>
      <line num="56" count="715" type="cond" truecount="1" falsecount="0"/>
      <line num="57" count="3850" type="stmt"/>
      <line num="58" count="3850" type="stmt"/>
      <line num="59" count="3850" type="stmt"/>
      <line num="60" count="715" type="stmt"/>
      <line num="61" count="715" type="cond" truecount="1" falsecount="0"/>
      <line num="62" count="3960" type="stmt"/>
      <line num="63" count="3960" type="stmt"/>
      <line num="64" count="3960" type="cond" truecount="1" falsecount="0"/>
      <line num="65" count="33" type="stmt"/>
      <line num="66" count="33" type="stmt"/>
      <line num="67" count="3960" type="cond" truecount="1" falsecount="0"/>
      <line num="68" count="66" type="stmt"/>
      <line num="69" count="66" type="stmt"/>
      <line num="70" count="3960" type="cond" truecount="1" falsecount="0"/>
      <line num="71" count="33" type="stmt"/>
      <line num="72" count="33" type="stmt"/>
      <line num="73" count="3960" type="cond" truecount="1" falsecount="0"/>
      <line num="74" count="44" type="stmt"/>
      <line num="75" count="44" type="stmt"/>
      <line num="76" count="3960" type="stmt"/>
      <line num="77" count="715" type="stmt"/>
      <line num="78" count="715" type="cond" truecount="1" falsecount="0"/>
      <line num="79" count="33" type="stmt"/>
      <line num="80" count="33" type="stmt"/>
      <line num="81" count="33" type="stmt"/>
      <line num="82" count="33" type="cond" truecount="1" falsecount="0"/>
      <line num="83" count="11" type="stmt"/>
      <line num="84" count="11" type="stmt"/>
      <line num="85" count="11" type="cond" truecount="0" falsecount="1"/>
      <line num="86" count="11" type="stmt"/>
      <line num="87" count="33" type="cond" truecount="1" falsecount="0"/>
      <line num="88" count="11" type="stmt"/>
      <line num="89" count="11" type="stmt"/>
      <line num="90" count="11" type="cond" truecount="0" falsecount="1"/>
      <line num="91" count="11" type="stmt"/>
      <line num="92" count="33" type="cond" truecount="1" falsecount="0"/>
      <line num="93" count="11" type="stmt"/>
      <line num="94" count="11" type="stmt"/>
      <line num="95" count="11" type="cond" truecount="0" falsecount="1"/>
      <line num="96" count="11" type="stmt"/>
      <line num="97" count="33" type="stmt"/>
      <line num="98" count="33" type="stmt"/>
      <line num="99" count="33" type="stmt"/>
      <line num="100" count="715" type="stmt"/>
      <line num="101" count="715" type="stmt"/>
      <line num="102" count="0" type="stmt"/>
      <line num="103" count="0" type="stmt"/>
      <line num="104" count="0" type="stmt"/>
      <line num="105" count="0" type="stmt"/>
      <line num="106" count="0" type="stmt"/>
      <line num="107" count="715" type="stmt"/>
    </file>
    <file name="collision.ts" path="F:\playground\water_melon_game\src\collision.ts">
      <metrics statements="110" coveredstatements="110" conditionals="37" coveredconditionals="37" methods="8" coveredmethods="8"/>
      <line num="1" count="1" type="stmt"/>
      <line num="2" count="1" type="stmt"/>
      <line num="3" count="1" type="stmt"/>
      <line num="4" count="1" type="cond" truecount="1" falsecount="0"/>
      <line num="5" count="1155" type="stmt"/>
      <line num="6" count="1155" type="stmt"/>
      <line num="7" count="1155" type="stmt"/>
      <line num="8" count="1155" type="stmt"/>
      <line num="9" count="1155" type="stmt"/>
      <line num="10" count="1155" type="stmt"/>
      <line num="11" count="1155" type="stmt"/>
      <line num="12" count="1155" type="stmt"/>
      <line num="13" count="1155" type="cond" truecount="1" falsecount="0"/>
      <line num="14" count="385" type="stmt"/>
      <line num="15" count="385" type="cond" truecount="1" falsecount="0"/>
      <line num="16" count="770" type="stmt"/>
      <line num="17" count="770" type="stmt"/>
      <line num="18" count="770" type="stmt"/>
      <line num="19" count="1155" type="cond" truecount="2" falsecount="0"/>
      <line num="20" count="1155" type="cond" truecount="2" falsecount="0"/>
      <line num="21" count="1155" type="stmt"/>
      <line num="22" count="1155" type="stmt"/>
      <line num="23" count="1155" type="stmt"/>
      <line num="24" count="1155" type="stmt"/>
      <line num="25" count="1155" type="cond" truecount="1" falsecount="0"/>
      <line num="26" count="44" type="stmt"/>
      <line num="27" count="44" type="stmt"/>
      <line num="28" count="44" type="stmt"/>
      <line num="29" count="44" type="cond" truecount="1" falsecount="0"/>
      <line num="30" count="726" type="stmt"/>
      <line num="31" count="726" type="stmt"/>
      <line num="32" count="726" type="stmt"/>
      <line num="33" count="726" type="stmt"/>
      <line num="34" count="726" type="stmt"/>
      <line num="35" count="726" type="stmt"/>
      <line num="36" count="726" type="stmt"/>
      <line num="37" count="726" type="stmt"/>
      <line num="38" count="1" type="stmt"/>
      <line num="39" count="726" type="cond" truecount="1" falsecount="0"/>
      <line num="40" count="726" type="stmt"/>
      <line num="41" count="726" type="stmt"/>
      <line num="42" count="726" type="stmt"/>
      <line num="43" count="726" type="stmt"/>
      <line num="44" count="726" type="stmt"/>
      <line num="45" count="726" type="stmt"/>
      <line num="46" count="726" type="stmt"/>
      <line num="47" count="726" type="stmt"/>
      <line num="48" count="726" type="stmt"/>
      <line num="49" count="726" type="stmt"/>
      <line num="50" count="726" type="stmt"/>
      <line num="51" count="1" type="stmt"/>
      <line num="52" count="1" type="stmt"/>
      <line num="53" count="1452" type="cond" truecount="1" falsecount="0"/>
      <line num="54" count="1452" type="stmt"/>
      <line num="55" count="1452" type="stmt"/>
      <line num="56" count="1452" type="stmt"/>
      <line num="57" count="1452" type="stmt"/>
      <line num="58" count="1452" type="stmt"/>
      <line num="59" count="1" type="stmt"/>
      <line num="60" count="1" type="stmt"/>
      <line num="61" count="2904" type="cond" truecount="1" falsecount="0"/>
      <line num="62" count="2904" type="stmt"/>
      <line num="63" count="2904" type="stmt"/>
      <line num="64" count="2904" type="stmt"/>
      <line num="65" count="1" type="stmt"/>
      <line num="66" count="1496" type="cond" truecount="1" falsecount="0"/>
      <line num="67" count="1496" type="stmt"/>
      <line num="68" count="1496" type="stmt"/>
      <line num="69" count="1496" type="stmt"/>
      <line num="70" count="1496" type="cond" truecount="2" falsecount="0"/>
      <line num="71" count="242" type="stmt"/>
      <line num="72" count="242" type="cond" truecount="1" falsecount="0"/>
      <line num="73" count="1254" type="stmt"/>
      <line num="74" count="1254" type="stmt"/>
      <line num="75" count="1496" type="cond" truecount="1" falsecount="0"/>
      <line num="76" count="506" type="cond" truecount="2" falsecount="0"/>
      <line num="77" count="1496" type="cond" truecount="2" falsecount="0"/>
      <line num="78" count="506" type="cond" truecount="2" falsecount="0"/>
      <line num="79" count="748" type="cond" truecount="1" falsecount="0"/>
      <line num="80" count="242" type="stmt"/>
      <line num="81" count="242" type="stmt"/>
      <line num="82" count="242" type="stmt"/>
      <line num="83" count="242" type="cond" truecount="1" falsecount="0"/>
      <line num="84" count="1254" type="stmt"/>
      <line num="85" count="1254" type="stmt"/>
      <line num="86" count="1" type="stmt"/>
      <line num="87" count="1" type="stmt"/>
      <line num="88" count="1452" type="cond" truecount="1" falsecount="0"/>
      <line num="89" count="1452" type="stmt"/>
      <line num="90" count="1452" type="stmt"/>
      <line num="91" count="1" type="stmt"/>
      <line num="92" count="1" type="stmt"/>
      <line num="93" count="1452" type="cond" truecount="1" falsecount="0"/>
      <line num="94" count="1452" type="cond" truecount="2" falsecount="0"/>
      <line num="95" count="242" type="stmt"/>
      <line num="96" count="242" type="cond" truecount="1" falsecount="0"/>
      <line num="97" count="1210" type="stmt"/>
      <line num="98" count="1452" type="cond" truecount="1" falsecount="0"/>
      <line num="99" count="968" type="stmt"/>
      <line num="100" count="968" type="cond" truecount="1" falsecount="0"/>
      <line num="101" count="1210" type="stmt"/>
      <line num="102" count="1210" type="stmt"/>
      <line num="103" count="1452" type="cond" truecount="4" falsecount="0"/>
      <line num="104" count="1452" type="stmt"/>
      <line num="105" count="1452" type="stmt"/>
      <line num="106" count="1" type="stmt"/>
      <line num="107" count="1" type="stmt"/>
      <line num="108" count="1452" type="cond" truecount="1" falsecount="0"/>
      <line num="109" count="1452" type="stmt"/>
      <line num="110" count="1452" type="stmt"/>
    </file>
    <file name="constants.ts" path="F:\playground\water_melon_game\src\constants.ts">
      <metrics statements="66" coveredstatements="66" conditionals="13" coveredconditionals="13" methods="1" coveredmethods="1"/>
      <line num="1" count="1" type="stmt"/>
      <line num="2" count="1" type="stmt"/>
      <line num="3" count="1" type="stmt"/>
      <line num="4" count="1" type="stmt"/>
      <line num="5" count="1" type="stmt"/>
      <line num="6" count="1" type="stmt"/>
      <line num="7" count="1" type="stmt"/>
      <line num="8" count="1" type="stmt"/>
      <line num="9" count="1" type="stmt"/>
      <line num="10" count="1" type="stmt"/>
      <line num="11" count="1" type="stmt"/>
      <line num="12" count="1" type="stmt"/>
      <line num="13" count="1" type="stmt"/>
      <line num="14" count="1" type="stmt"/>
      <line num="15" count="1" type="stmt"/>
      <line num="16" count="1" type="stmt"/>
      <line num="17" count="1" type="stmt"/>
      <line num="18" count="1" type="stmt"/>
      <line num="19" count="1" type="stmt"/>
      <line num="20" count="1" type="stmt"/>
      <line num="21" count="1" type="stmt"/>
      <line num="22" count="1" type="stmt"/>
      <line num="23" count="1" type="stmt"/>
      <line num="24" count="1" type="stmt"/>
      <line num="25" count="1" type="stmt"/>
      <line num="26" count="1" type="stmt"/>
      <line num="27" count="1" type="stmt"/>
      <line num="28" count="1" type="stmt"/>
      <line num="29" count="1" type="stmt"/>
      <line num="30" count="1" type="stmt"/>
      <line num="31" count="1" type="stmt"/>
      <line num="32" count="1" type="stmt"/>
      <line num="33" count="1" type="stmt"/>
      <line num="34" count="1" type="stmt"/>
      <line num="35" count="1" type="stmt"/>
      <line num="36" count="1" type="stmt"/>
      <line num="37" count="1" type="stmt"/>
      <line num="38" count="1" type="stmt"/>
      <line num="39" count="1" type="stmt"/>
      <line num="40" count="1" type="cond" truecount="1" falsecount="0"/>
      <line num="41" count="33" type="stmt"/>
      <line num="42" count="33" type="cond" truecount="1" falsecount="0"/>
      <line num="43" count="3" type="stmt"/>
      <line num="44" count="33" type="cond" truecount="1" falsecount="0"/>
      <line num="45" count="3" type="stmt"/>
      <line num="46" count="33" type="cond" truecount="1" falsecount="0"/>
      <line num="47" count="3" type="stmt"/>
      <line num="48" count="33" type="cond" truecount="1" falsecount="0"/>
      <line num="49" count="3" type="stmt"/>
      <line num="50" count="33" type="cond" truecount="1" falsecount="0"/>
      <line num="51" count="3" type="stmt"/>
      <line num="52" count="33" type="cond" truecount="1" falsecount="0"/>
      <line num="53" count="3" type="stmt"/>
      <line num="54" count="33" type="cond" truecount="1" falsecount="0"/>
      <line num="55" count="3" type="stmt"/>
      <line num="56" count="33" type="cond" truecount="1" falsecount="0"/>
      <line num="57" count="3" type="stmt"/>
      <line num="58" count="33" type="cond" truecount="1" falsecount="0"/>
      <line num="59" count="3" type="stmt"/>
      <line num="60" count="33" type="cond" truecount="1" falsecount="0"/>
      <line num="61" count="3" type="stmt"/>
      <line num="62" count="33" type="cond" truecount="1" falsecount="0"/>
      <line num="63" count="33" type="cond" truecount="1" falsecount="0"/>
      <line num="64" count="3" type="stmt"/>
      <line num="65" count="33" type="stmt"/>
      <line num="66" count="33" type="stmt"/>
    </file>
    <file name="main.ts" path="F:\playground\water_melon_game\src\main.ts">
      <metrics statements="230" coveredstatements="0" conditionals="1" coveredconditionals="0" methods="1" coveredmethods="0"/>
      <line num="1" count="0" type="cond" truecount="0" falsecount="1"/>
      <line num="2" count="0" type="stmt"/>
      <line num="3" count="0" type="stmt"/>
      <line num="4" count="0" type="stmt"/>
      <line num="5" count="0" type="stmt"/>
      <line num="6" count="0" type="stmt"/>
      <line num="7" count="0" type="stmt"/>
      <line num="8" count="0" type="stmt"/>
      <line num="9" count="0" type="stmt"/>
      <line num="10" count="0" type="stmt"/>
      <line num="11" count="0" type="stmt"/>
      <line num="12" count="0" type="stmt"/>
      <line num="13" count="0" type="stmt"/>
      <line num="14" count="0" type="stmt"/>
      <line num="15" count="0" type="stmt"/>
      <line num="16" count="0" type="stmt"/>
      <line num="17" count="0" type="stmt"/>
      <line num="18" count="0" type="stmt"/>
      <line num="19" count="0" type="stmt"/>
      <line num="20" count="0" type="stmt"/>
      <line num="21" count="0" type="stmt"/>
      <line num="22" count="0" type="stmt"/>
      <line num="23" count="0" type="stmt"/>
      <line num="24" count="0" type="stmt"/>
      <line num="25" count="0" type="stmt"/>
      <line num="26" count="0" type="stmt"/>
      <line num="27" count="0" type="stmt"/>
      <line num="28" count="0" type="stmt"/>
      <line num="29" count="0" type="stmt"/>
      <line num="30" count="0" type="stmt"/>
      <line num="31" count="0" type="stmt"/>
      <line num="32" count="0" type="stmt"/>
      <line num="33" count="0" type="stmt"/>
      <line num="34" count="0" type="stmt"/>
      <line num="35" count="0" type="stmt"/>
      <line num="36" count="0" type="stmt"/>
      <line num="37" count="0" type="stmt"/>
      <line num="38" count="0" type="stmt"/>
      <line num="39" count="0" type="stmt"/>
      <line num="40" count="0" type="stmt"/>
      <line num="41" count="0" type="stmt"/>
      <line num="42" count="0" type="stmt"/>
      <line num="43" count="0" type="stmt"/>
      <line num="44" count="0" type="stmt"/>
      <line num="45" count="0" type="stmt"/>
      <line num="46" count="0" type="stmt"/>
      <line num="47" count="0" type="stmt"/>
      <line num="48" count="0" type="stmt"/>
      <line num="49" count="0" type="stmt"/>
      <line num="50" count="0" type="stmt"/>
      <line num="51" count="0" type="stmt"/>
      <line num="52" count="0" type="stmt"/>
      <line num="53" count="0" type="stmt"/>
      <line num="54" count="0" type="stmt"/>
      <line num="55" count="0" type="stmt"/>
      <line num="56" count="0" type="stmt"/>
      <line num="57" count="0" type="stmt"/>
      <line num="58" count="0" type="stmt"/>
      <line num="59" count="0" type="stmt"/>
      <line num="60" count="0" type="stmt"/>
      <line num="61" count="0" type="stmt"/>
      <line num="62" count="0" type="stmt"/>
      <line num="63" count="0" type="stmt"/>
      <line num="64" count="0" type="stmt"/>
      <line num="65" count="0" type="stmt"/>
      <line num="66" count="0" type="stmt"/>
      <line num="67" count="0" type="stmt"/>
      <line num="68" count="0" type="stmt"/>
      <line num="69" count="0" type="stmt"/>
      <line num="70" count="0" type="stmt"/>
      <line num="71" count="0" type="stmt"/>
      <line num="72" count="0" type="stmt"/>
      <line num="73" count="0" type="stmt"/>
      <line num="74" count="0" type="stmt"/>
      <line num="75" count="0" type="stmt"/>
      <line num="76" count="0" type="stmt"/>
      <line num="77" count="0" type="stmt"/>
      <line num="78" count="0" type="stmt"/>
      <line num="79" count="0" type="stmt"/>
      <line num="80" count="0" type="stmt"/>
      <line num="81" count="0" type="stmt"/>
      <line num="82" count="0" type="stmt"/>
      <line num="83" count="0" type="stmt"/>
      <line num="84" count="0" type="stmt"/>
      <line num="85" count="0" type="stmt"/>
      <line num="86" count="0" type="stmt"/>
      <line num="87" count="0" type="stmt"/>
      <line num="88" count="0" type="stmt"/>
      <line num="89" count="0" type="stmt"/>
      <line num="90" count="0" type="stmt"/>
      <line num="91" count="0" type="stmt"/>
      <line num="92" count="0" type="stmt"/>
      <line num="93" count="0" type="stmt"/>
      <line num="94" count="0" type="stmt"/>
      <line num="95" count="0" type="stmt"/>
      <line num="96" count="0" type="stmt"/>
      <line num="97" count="0" type="stmt"/>
      <line num="98" count="0" type="stmt"/>
      <line num="99" count="0" type="stmt"/>
      <line num="100" count="0" type="stmt"/>
      <line num="101" count="0" type="stmt"/>
      <line num="102" count="0" type="stmt"/>
      <line num="103" count="0" type="stmt"/>
      <line num="104" count="0" type="stmt"/>
      <line num="105" count="0" type="stmt"/>
      <line num="106" count="0" type="stmt"/>
      <line num="107" count="0" type="stmt"/>
      <line num="108" count="0" type="stmt"/>
      <line num="109" count="0" type="stmt"/>
      <line num="110" count="0" type="stmt"/>
      <line num="111" count="0" type="stmt"/>
      <line num="112" count="0" type="stmt"/>
      <line num="113" count="0" type="stmt"/>
      <line num="114" count="0" type="stmt"/>
      <line num="115" count="0" type="stmt"/>
      <line num="116" count="0" type="stmt"/>
      <line num="117" count="0" type="stmt"/>
      <line num="118" count="0" type="stmt"/>
      <line num="119" count="0" type="stmt"/>
      <line num="120" count="0" type="stmt"/>
      <line num="121" count="0" type="stmt"/>
      <line num="122" count="0" type="stmt"/>
      <line num="123" count="0" type="stmt"/>
      <line num="124" count="0" type="stmt"/>
      <line num="125" count="0" type="stmt"/>
      <line num="126" count="0" type="stmt"/>
      <line num="127" count="0" type="stmt"/>
      <line num="128" count="0" type="stmt"/>
      <line num="129" count="0" type="stmt"/>
      <line num="130" count="0" type="stmt"/>
      <line num="131" count="0" type="stmt"/>
      <line num="132" count="0" type="stmt"/>
      <line num="133" count="0" type="stmt"/>
      <line num="134" count="0" type="stmt"/>
      <line num="135" count="0" type="stmt"/>
      <line num="136" count="0" type="stmt"/>
      <line num="137" count="0" type="stmt"/>
      <line num="138" count="0" type="stmt"/>
      <line num="139" count="0" type="stmt"/>
      <line num="140" count="0" type="stmt"/>
      <line num="141" count="0" type="stmt"/>
      <line num="142" count="0" type="stmt"/>
      <line num="143" count="0" type="stmt"/>
      <line num="144" count="0" type="stmt"/>
      <line num="145" count="0" type="stmt"/>
      <line num="146" count="0" type="stmt"/>
      <line num="147" count="0" type="stmt"/>
      <line num="148" count="0" type="stmt"/>
      <line num="149" count="0" type="stmt"/>
      <line num="150" count="0" type="stmt"/>
      <line num="151" count="0" type="stmt"/>
      <line num="152" count="0" type="stmt"/>
      <line num="153" count="0" type="stmt"/>
      <line num="154" count="0" type="stmt"/>
      <line num="155" count="0" type="stmt"/>
      <line num="156" count="0" type="stmt"/>
      <line num="157" count="0" type="stmt"/>
      <line num="158" count="0" type="stmt"/>
      <line num="159" count="0" type="stmt"/>
      <line num="160" count="0" type="stmt"/>
      <line num="161" count="0" type="stmt"/>
      <line num="162" count="0" type="stmt"/>
      <line num="163" count="0" type="stmt"/>
      <line num="164" count="0" type="stmt"/>
      <line num="165" count="0" type="stmt"/>
      <line num="166" count="0" type="stmt"/>
      <line num="167" count="0" type="stmt"/>
      <line num="168" count="0" type="stmt"/>
      <line num="169" count="0" type="stmt"/>
      <line num="170" count="0" type="stmt"/>
      <line num="171" count="0" type="stmt"/>
      <line num="172" count="0" type="stmt"/>
      <line num="173" count="0" type="stmt"/>
      <line num="174" count="0" type="stmt"/>
      <line num="175" count="0" type="stmt"/>
      <line num="176" count="0" type="stmt"/>
      <line num="177" count="0" type="stmt"/>
      <line num="178" count="0" type="stmt"/>
      <line num="179" count="0" type="stmt"/>
      <line num="180" count="0" type="stmt"/>
      <line num="181" count="0" type="stmt"/>
      <line num="182" count="0" type="stmt"/>
      <line num="183" count="0" type="stmt"/>
      <line num="184" count="0" type="stmt"/>
      <line num="185" count="0" type="stmt"/>
      <line num="186" count="0" type="stmt"/>
      <line num="187" count="0" type="stmt"/>
      <line num="188" count="0" type="stmt"/>
      <line num="189" count="0" type="stmt"/>
      <line num="190" count="0" type="stmt"/>
      <line num="191" count="0" type="stmt"/>
      <line num="192" count="0" type="stmt"/>
      <line num="193" count="0" type="stmt"/>
      <line num="194" count="0" type="stmt"/>
      <line num="195" count="0" type="stmt"/>
      <line num="196" count="0" type="stmt"/>
      <line num="197" count="0" type="stmt"/>
      <line num="198" count="0" type="stmt"/>
      <line num="199" count="0" type="stmt"/>
      <line num="200" count="0" type="stmt"/>
      <line num="201" count="0" type="stmt"/>
      <line num="202" count="0" type="stmt"/>
      <line num="203" count="0" type="stmt"/>
      <line num="204" count="0" type="stmt"/>
      <line num="205" count="0" type="stmt"/>
      <line num="206" count="0" type="stmt"/>
      <line num="207" count="0" type="stmt"/>
      <line num="208" count="0" type="stmt"/>
      <line num="209" count="0" type="stmt"/>
      <line num="210" count="0" type="stmt"/>
      <line num="211" count="0" type="stmt"/>
      <line num="212" count="0" type="stmt"/>
      <line num="213" count="0" type="stmt"/>
      <line num="214" count="0" type="stmt"/>
      <line num="215" count="0" type="stmt"/>
      <line num="216" count="0" type="stmt"/>
      <line num="217" count="0" type="stmt"/>
      <line num="218" count="0" type="stmt"/>
      <line num="219" count="0" type="stmt"/>
      <line num="220" count="0" type="stmt"/>
      <line num="221" count="0" type="stmt"/>
      <line num="222" count="0" type="stmt"/>
      <line num="223" count="0" type="stmt"/>
      <line num="224" count="0" type="stmt"/>
      <line num="225" count="0" type="stmt"/>
      <line num="226" count="0" type="stmt"/>
      <line num="227" count="0" type="stmt"/>
      <line num="228" count="0" type="stmt"/>
      <line num="229" count="0" type="stmt"/>
      <line num="230" count="0" type="stmt"/>
    </file>
  </project>
</coverage>
