{"F:\\playground\\water_melon_game\\src\\ball.ts": {"path":"F:\\playground\\water_melon_game\\src\\ball.ts","all":false,"statementMap":{"0":{"start":{"line":1,"column":0},"end":{"line":1,"column":123}},"1":{"start":{"line":2,"column":0},"end":{"line":2,"column":0}},"2":{"start":{"line":3,"column":0},"end":{"line":3,"column":19}},"3":{"start":{"line":4,"column":0},"end":{"line":4,"column":28}},"4":{"start":{"line":5,"column":0},"end":{"line":5,"column":31}},"5":{"start":{"line":6,"column":0},"end":{"line":6,"column":35}},"6":{"start":{"line":7,"column":0},"end":{"line":7,"column":33}},"7":{"start":{"line":8,"column":0},"end":{"line":8,"column":34}},"8":{"start":{"line":9,"column":0},"end":{"line":9,"column":0}},"9":{"start":{"line":10,"column":0},"end":{"line":10,"column":38}},"10":{"start":{"line":11,"column":0},"end":{"line":11,"column":37}},"11":{"start":{"line":12,"column":0},"end":{"line":12,"column":40}},"12":{"start":{"line":13,"column":0},"end":{"line":13,"column":44}},"13":{"start":{"line":14,"column":0},"end":{"line":14,"column":36}},"14":{"start":{"line":15,"column":0},"end":{"line":15,"column":34}},"15":{"start":{"line":16,"column":0},"end":{"line":16,"column":5}},"16":{"start":{"line":17,"column":0},"end":{"line":17,"column":0}},"17":{"start":{"line":18,"column":0},"end":{"line":18,"column":26}},"18":{"start":{"line":19,"column":0},"end":{"line":19,"column":27}},"19":{"start":{"line":20,"column":0},"end":{"line":20,"column":5}},"20":{"start":{"line":21,"column":0},"end":{"line":21,"column":0}},"21":{"start":{"line":22,"column":0},"end":{"line":22,"column":29}},"22":{"start":{"line":23,"column":0},"end":{"line":23,"column":30}},"23":{"start":{"line":24,"column":0},"end":{"line":24,"column":5}},"24":{"start":{"line":25,"column":0},"end":{"line":25,"column":0}},"25":{"start":{"line":26,"column":0},"end":{"line":26,"column":26}},"26":{"start":{"line":27,"column":0},"end":{"line":27,"column":38}},"27":{"start":{"line":28,"column":0},"end":{"line":28,"column":5}},"28":{"start":{"line":29,"column":0},"end":{"line":29,"column":25}},"29":{"start":{"line":30,"column":0},"end":{"line":30,"column":37}},"30":{"start":{"line":31,"column":0},"end":{"line":31,"column":5}},"31":{"start":{"line":32,"column":0},"end":{"line":32,"column":24}},"32":{"start":{"line":33,"column":0},"end":{"line":33,"column":36}},"33":{"start":{"line":34,"column":0},"end":{"line":34,"column":5}},"34":{"start":{"line":35,"column":0},"end":{"line":35,"column":45}},"35":{"start":{"line":36,"column":0},"end":{"line":36,"column":52}},"36":{"start":{"line":37,"column":0},"end":{"line":37,"column":5}},"37":{"start":{"line":38,"column":0},"end":{"line":38,"column":25}},"38":{"start":{"line":39,"column":0},"end":{"line":39,"column":37}},"39":{"start":{"line":40,"column":0},"end":{"line":40,"column":5}},"40":{"start":{"line":41,"column":0},"end":{"line":41,"column":0}},"41":{"start":{"line":42,"column":0},"end":{"line":42,"column":28}},"42":{"start":{"line":43,"column":0},"end":{"line":43,"column":33}},"43":{"start":{"line":44,"column":0},"end":{"line":44,"column":5}},"44":{"start":{"line":45,"column":0},"end":{"line":45,"column":0}},"45":{"start":{"line":46,"column":0},"end":{"line":46,"column":25}},"46":{"start":{"line":47,"column":0},"end":{"line":47,"column":62}},"47":{"start":{"line":48,"column":0},"end":{"line":48,"column":33}},"48":{"start":{"line":49,"column":0},"end":{"line":49,"column":5}},"49":{"start":{"line":50,"column":0},"end":{"line":50,"column":0}},"50":{"start":{"line":51,"column":0},"end":{"line":51,"column":45}},"51":{"start":{"line":52,"column":0},"end":{"line":52,"column":46}},"52":{"start":{"line":53,"column":0},"end":{"line":53,"column":46}},"53":{"start":{"line":54,"column":0},"end":{"line":54,"column":5}},"54":{"start":{"line":55,"column":0},"end":{"line":55,"column":0}},"55":{"start":{"line":56,"column":0},"end":{"line":56,"column":37}},"56":{"start":{"line":57,"column":0},"end":{"line":57,"column":38}},"57":{"start":{"line":58,"column":0},"end":{"line":58,"column":38}},"58":{"start":{"line":59,"column":0},"end":{"line":59,"column":5}},"59":{"start":{"line":60,"column":0},"end":{"line":60,"column":0}},"60":{"start":{"line":61,"column":0},"end":{"line":61,"column":61}},"61":{"start":{"line":62,"column":0},"end":{"line":62,"column":32}},"62":{"start":{"line":63,"column":0},"end":{"line":63,"column":32}},"63":{"start":{"line":64,"column":0},"end":{"line":64,"column":56}},"64":{"start":{"line":65,"column":0},"end":{"line":65,"column":54}},"65":{"start":{"line":66,"column":0},"end":{"line":66,"column":9}},"66":{"start":{"line":67,"column":0},"end":{"line":67,"column":66}},"67":{"start":{"line":68,"column":0},"end":{"line":68,"column":64}},"68":{"start":{"line":69,"column":0},"end":{"line":69,"column":9}},"69":{"start":{"line":70,"column":0},"end":{"line":70,"column":56}},"70":{"start":{"line":71,"column":0},"end":{"line":71,"column":54}},"71":{"start":{"line":72,"column":0},"end":{"line":72,"column":9}},"72":{"start":{"line":73,"column":0},"end":{"line":73,"column":52}},"73":{"start":{"line":74,"column":0},"end":{"line":74,"column":46}},"74":{"start":{"line":75,"column":0},"end":{"line":75,"column":9}},"75":{"start":{"line":76,"column":0},"end":{"line":76,"column":5}},"76":{"start":{"line":77,"column":0},"end":{"line":77,"column":0}},"77":{"start":{"line":78,"column":0},"end":{"line":78,"column":40}},"78":{"start":{"line":79,"column":0},"end":{"line":79,"column":34}},"79":{"start":{"line":80,"column":0},"end":{"line":80,"column":42}},"80":{"start":{"line":81,"column":0},"end":{"line":81,"column":42}},"81":{"start":{"line":82,"column":0},"end":{"line":82,"column":56}},"82":{"start":{"line":83,"column":0},"end":{"line":83,"column":54}},"83":{"start":{"line":84,"column":0},"end":{"line":84,"column":89}},"84":{"start":{"line":85,"column":0},"end":{"line":85,"column":88}},"85":{"start":{"line":86,"column":0},"end":{"line":86,"column":9}},"86":{"start":{"line":87,"column":0},"end":{"line":87,"column":66}},"87":{"start":{"line":88,"column":0},"end":{"line":88,"column":64}},"88":{"start":{"line":89,"column":0},"end":{"line":89,"column":89}},"89":{"start":{"line":90,"column":0},"end":{"line":90,"column":88}},"90":{"start":{"line":91,"column":0},"end":{"line":91,"column":9}},"91":{"start":{"line":92,"column":0},"end":{"line":92,"column":56}},"92":{"start":{"line":93,"column":0},"end":{"line":93,"column":54}},"93":{"start":{"line":94,"column":0},"end":{"line":94,"column":89}},"94":{"start":{"line":95,"column":0},"end":{"line":95,"column":88}},"95":{"start":{"line":96,"column":0},"end":{"line":96,"column":9}},"96":{"start":{"line":97,"column":0},"end":{"line":97,"column":49}},"97":{"start":{"line":98,"column":0},"end":{"line":98,"column":49}},"98":{"start":{"line":99,"column":0},"end":{"line":99,"column":5}},"99":{"start":{"line":100,"column":0},"end":{"line":100,"column":0}},"100":{"start":{"line":101,"column":0},"end":{"line":101,"column":41}},"101":{"start":{"line":102,"column":0},"end":{"line":102,"column":24}},"102":{"start":{"line":103,"column":0},"end":{"line":103,"column":41}},"103":{"start":{"line":104,"column":0},"end":{"line":104,"column":81}},"104":{"start":{"line":105,"column":0},"end":{"line":105,"column":19}},"105":{"start":{"line":106,"column":0},"end":{"line":106,"column":5}},"106":{"start":{"line":107,"column":0},"end":{"line":107,"column":1}}},"s":{"0":1,"1":1,"2":1,"3":715,"4":715,"5":715,"6":715,"7":715,"8":715,"9":715,"10":715,"11":715,"12":715,"13":715,"14":715,"15":715,"16":715,"17":715,"18":10802,"19":10802,"20":715,"21":715,"22":3025,"23":3025,"24":715,"25":715,"26":20317,"27":20317,"28":715,"29":11,"30":11,"31":715,"32":2915,"33":2915,"34":715,"35":22,"36":22,"37":715,"38":11,"39":11,"40":715,"41":715,"42":792,"43":792,"44":715,"45":715,"46":33,"47":33,"48":33,"49":715,"50":715,"51":22,"52":22,"53":22,"54":715,"55":715,"56":3850,"57":3850,"58":3850,"59":715,"60":715,"61":3960,"62":3960,"63":3960,"64":33,"65":33,"66":3960,"67":66,"68":66,"69":3960,"70":33,"71":33,"72":3960,"73":44,"74":44,"75":3960,"76":715,"77":715,"78":33,"79":33,"80":33,"81":33,"82":11,"83":11,"84":11,"85":11,"86":33,"87":11,"88":11,"89":11,"90":11,"91":33,"92":11,"93":11,"94":11,"95":11,"96":33,"97":33,"98":33,"99":715,"100":715,"101":0,"102":0,"103":0,"104":0,"105":0,"106":715},"branchMap":{"0":{"type":"branch","line":3,"loc":{"start":{"line":3,"column":7},"end":{"line":107,"column":1}},"locations":[{"start":{"line":3,"column":7},"end":{"line":107,"column":1}}]},"1":{"type":"branch","line":10,"loc":{"start":{"line":10,"column":4},"end":{"line":16,"column":5}},"locations":[{"start":{"line":10,"column":4},"end":{"line":16,"column":5}}]},"2":{"type":"branch","line":18,"loc":{"start":{"line":18,"column":4},"end":{"line":20,"column":5}},"locations":[{"start":{"line":18,"column":4},"end":{"line":20,"column":5}}]},"3":{"type":"branch","line":22,"loc":{"start":{"line":22,"column":4},"end":{"line":24,"column":5}},"locations":[{"start":{"line":22,"column":4},"end":{"line":24,"column":5}}]},"4":{"type":"branch","line":26,"loc":{"start":{"line":26,"column":4},"end":{"line":28,"column":5}},"locations":[{"start":{"line":26,"column":4},"end":{"line":28,"column":5}}]},"5":{"type":"branch","line":29,"loc":{"start":{"line":29,"column":4},"end":{"line":31,"column":5}},"locations":[{"start":{"line":29,"column":4},"end":{"line":31,"column":5}}]},"6":{"type":"branch","line":32,"loc":{"start":{"line":32,"column":4},"end":{"line":34,"column":5}},"locations":[{"start":{"line":32,"column":4},"end":{"line":34,"column":5}}]},"7":{"type":"branch","line":35,"loc":{"start":{"line":35,"column":4},"end":{"line":37,"column":5}},"locations":[{"start":{"line":35,"column":4},"end":{"line":37,"column":5}}]},"8":{"type":"branch","line":38,"loc":{"start":{"line":38,"column":4},"end":{"line":40,"column":5}},"locations":[{"start":{"line":38,"column":4},"end":{"line":40,"column":5}}]},"9":{"type":"branch","line":42,"loc":{"start":{"line":42,"column":4},"end":{"line":44,"column":5}},"locations":[{"start":{"line":42,"column":4},"end":{"line":44,"column":5}}]},"10":{"type":"branch","line":46,"loc":{"start":{"line":46,"column":4},"end":{"line":49,"column":5}},"locations":[{"start":{"line":46,"column":4},"end":{"line":49,"column":5}}]},"11":{"type":"branch","line":51,"loc":{"start":{"line":51,"column":4},"end":{"line":54,"column":5}},"locations":[{"start":{"line":51,"column":4},"end":{"line":54,"column":5}}]},"12":{"type":"branch","line":56,"loc":{"start":{"line":56,"column":4},"end":{"line":59,"column":5}},"locations":[{"start":{"line":56,"column":4},"end":{"line":59,"column":5}}]},"13":{"type":"branch","line":61,"loc":{"start":{"line":61,"column":4},"end":{"line":76,"column":5}},"locations":[{"start":{"line":61,"column":4},"end":{"line":76,"column":5}}]},"14":{"type":"branch","line":64,"loc":{"start":{"line":64,"column":55},"end":{"line":66,"column":9}},"locations":[{"start":{"line":64,"column":55},"end":{"line":66,"column":9}}]},"15":{"type":"branch","line":67,"loc":{"start":{"line":67,"column":65},"end":{"line":69,"column":9}},"locations":[{"start":{"line":67,"column":65},"end":{"line":69,"column":9}}]},"16":{"type":"branch","line":70,"loc":{"start":{"line":70,"column":55},"end":{"line":72,"column":9}},"locations":[{"start":{"line":70,"column":55},"end":{"line":72,"column":9}}]},"17":{"type":"branch","line":73,"loc":{"start":{"line":73,"column":51},"end":{"line":75,"column":9}},"locations":[{"start":{"line":73,"column":51},"end":{"line":75,"column":9}}]},"18":{"type":"branch","line":78,"loc":{"start":{"line":78,"column":4},"end":{"line":99,"column":5}},"locations":[{"start":{"line":78,"column":4},"end":{"line":99,"column":5}}]},"19":{"type":"branch","line":82,"loc":{"start":{"line":82,"column":55},"end":{"line":86,"column":9}},"locations":[{"start":{"line":82,"column":55},"end":{"line":86,"column":9}}]},"20":{"type":"branch","line":85,"loc":{"start":{"line":85,"column":56},"end":{"line":85,"column":86}},"locations":[{"start":{"line":85,"column":56},"end":{"line":85,"column":86}}]},"21":{"type":"branch","line":87,"loc":{"start":{"line":87,"column":65},"end":{"line":91,"column":9}},"locations":[{"start":{"line":87,"column":65},"end":{"line":91,"column":9}}]},"22":{"type":"branch","line":90,"loc":{"start":{"line":90,"column":56},"end":{"line":90,"column":86}},"locations":[{"start":{"line":90,"column":56},"end":{"line":90,"column":86}}]},"23":{"type":"branch","line":92,"loc":{"start":{"line":92,"column":55},"end":{"line":96,"column":9}},"locations":[{"start":{"line":92,"column":55},"end":{"line":96,"column":9}}]},"24":{"type":"branch","line":95,"loc":{"start":{"line":95,"column":56},"end":{"line":95,"column":86}},"locations":[{"start":{"line":95,"column":56},"end":{"line":95,"column":86}}]}},"b":{"0":[715],"1":[715],"2":[10802],"3":[3025],"4":[20317],"5":[11],"6":[2915],"7":[22],"8":[11],"9":[792],"10":[33],"11":[22],"12":[3850],"13":[3960],"14":[33],"15":[66],"16":[33],"17":[44],"18":[33],"19":[11],"20":[0],"21":[11],"22":[0],"23":[11],"24":[0]},"fnMap":{"0":{"name":"<instance_members_initializer>","decl":{"start":{"line":3,"column":7},"end":{"line":107,"column":1}},"loc":{"start":{"line":3,"column":7},"end":{"line":107,"column":1}},"line":3},"1":{"name":"Ball","decl":{"start":{"line":10,"column":4},"end":{"line":16,"column":5}},"loc":{"start":{"line":10,"column":4},"end":{"line":16,"column":5}},"line":10},"2":{"name":"get_point","decl":{"start":{"line":18,"column":4},"end":{"line":20,"column":5}},"loc":{"start":{"line":18,"column":4},"end":{"line":20,"column":5}},"line":18},"3":{"name":"get_velocity","decl":{"start":{"line":22,"column":4},"end":{"line":24,"column":5}},"loc":{"start":{"line":22,"column":4},"end":{"line":24,"column":5}},"line":22},"4":{"name":"get_radius","decl":{"start":{"line":26,"column":4},"end":{"line":28,"column":5}},"loc":{"start":{"line":26,"column":4},"end":{"line":28,"column":5}},"line":26},"5":{"name":"get_color","decl":{"start":{"line":29,"column":4},"end":{"line":31,"column":5}},"loc":{"start":{"line":29,"column":4},"end":{"line":31,"column":5}},"line":29},"6":{"name":"get_mass","decl":{"start":{"line":32,"column":4},"end":{"line":34,"column":5}},"loc":{"start":{"line":32,"column":4},"end":{"line":34,"column":5}},"line":32},"7":{"name":"is_same_ball_type","decl":{"start":{"line":35,"column":4},"end":{"line":37,"column":5}},"loc":{"start":{"line":35,"column":4},"end":{"line":37,"column":5}},"line":35},"8":{"name":"get_score","decl":{"start":{"line":38,"column":4},"end":{"line":40,"column":5}},"loc":{"start":{"line":38,"column":4},"end":{"line":40,"column":5}},"line":38},"9":{"name":"is_upgraded","decl":{"start":{"line":42,"column":4},"end":{"line":44,"column":5}},"loc":{"start":{"line":42,"column":4},"end":{"line":44,"column":5}},"line":42},"10":{"name":"upgrade_ball_type","decl":{"start":{"line":46,"column":4},"end":{"line":49,"column":5}},"loc":{"start":{"line":46,"column":4},"end":{"line":49,"column":5}},"line":46},"11":{"name":"set_acceleration","decl":{"start":{"line":51,"column":4},"end":{"line":54,"column":5}},"loc":{"start":{"line":51,"column":4},"end":{"line":54,"column":5}},"line":51},"12":{"name":"set_velocity","decl":{"start":{"line":56,"column":4},"end":{"line":59,"column":5}},"loc":{"start":{"line":56,"column":4},"end":{"line":59,"column":5}},"line":56},"13":{"name":"set_point","decl":{"start":{"line":61,"column":4},"end":{"line":76,"column":5}},"loc":{"start":{"line":61,"column":4},"end":{"line":76,"column":5}},"line":61},"14":{"name":"move","decl":{"start":{"line":78,"column":4},"end":{"line":99,"column":5}},"loc":{"start":{"line":78,"column":4},"end":{"line":99,"column":5}},"line":78},"15":{"name":"draw","decl":{"start":{"line":101,"column":4},"end":{"line":106,"column":5}},"loc":{"start":{"line":101,"column":4},"end":{"line":106,"column":5}},"line":101}},"f":{"0":715,"1":715,"2":10802,"3":3025,"4":20317,"5":11,"6":2915,"7":22,"8":11,"9":792,"10":33,"11":22,"12":3850,"13":3960,"14":33,"15":0}}
,"F:\\playground\\water_melon_game\\src\\collision.ts": {"path":"F:\\playground\\water_melon_game\\src\\collision.ts","all":false,"statementMap":{"0":{"start":{"line":1,"column":0},"end":{"line":1,"column":30}},"1":{"start":{"line":2,"column":0},"end":{"line":2,"column":69}},"2":{"start":{"line":3,"column":0},"end":{"line":3,"column":0}},"3":{"start":{"line":4,"column":0},"end":{"line":4,"column":111}},"4":{"start":{"line":5,"column":0},"end":{"line":5,"column":17}},"5":{"start":{"line":6,"column":0},"end":{"line":6,"column":64}},"6":{"start":{"line":7,"column":0},"end":{"line":7,"column":64}},"7":{"start":{"line":8,"column":0},"end":{"line":8,"column":82}},"8":{"start":{"line":9,"column":0},"end":{"line":9,"column":0}},"9":{"start":{"line":10,"column":0},"end":{"line":10,"column":22}},"10":{"start":{"line":11,"column":0},"end":{"line":11,"column":62}},"11":{"start":{"line":12,"column":0},"end":{"line":12,"column":32}},"12":{"start":{"line":13,"column":0},"end":{"line":13,"column":32}},"13":{"start":{"line":14,"column":0},"end":{"line":14,"column":21}},"14":{"start":{"line":15,"column":0},"end":{"line":15,"column":5}},"15":{"start":{"line":16,"column":0},"end":{"line":16,"column":0}},"16":{"start":{"line":17,"column":0},"end":{"line":17,"column":35}},"17":{"start":{"line":18,"column":0},"end":{"line":18,"column":48}},"18":{"start":{"line":19,"column":0},"end":{"line":19,"column":89}},"19":{"start":{"line":20,"column":0},"end":{"line":20,"column":89}},"20":{"start":{"line":21,"column":0},"end":{"line":21,"column":0}},"21":{"start":{"line":22,"column":0},"end":{"line":22,"column":142}},"22":{"start":{"line":23,"column":0},"end":{"line":23,"column":145}},"23":{"start":{"line":24,"column":0},"end":{"line":24,"column":0}},"24":{"start":{"line":25,"column":0},"end":{"line":25,"column":29}},"25":{"start":{"line":26,"column":0},"end":{"line":26,"column":104}},"26":{"start":{"line":27,"column":0},"end":{"line":27,"column":121}},"27":{"start":{"line":28,"column":0},"end":{"line":28,"column":20}},"28":{"start":{"line":29,"column":0},"end":{"line":29,"column":5}},"29":{"start":{"line":30,"column":0},"end":{"line":30,"column":0}},"30":{"start":{"line":31,"column":0},"end":{"line":31,"column":21}},"31":{"start":{"line":32,"column":0},"end":{"line":32,"column":88}},"32":{"start":{"line":33,"column":0},"end":{"line":33,"column":40}},"33":{"start":{"line":34,"column":0},"end":{"line":34,"column":41}},"34":{"start":{"line":35,"column":0},"end":{"line":35,"column":0}},"35":{"start":{"line":36,"column":0},"end":{"line":36,"column":16}},"36":{"start":{"line":37,"column":0},"end":{"line":37,"column":1}},"37":{"start":{"line":38,"column":0},"end":{"line":38,"column":0}},"38":{"start":{"line":39,"column":0},"end":{"line":39,"column":117}},"39":{"start":{"line":40,"column":0},"end":{"line":40,"column":99}},"40":{"start":{"line":41,"column":0},"end":{"line":41,"column":65}},"41":{"start":{"line":42,"column":0},"end":{"line":42,"column":0}},"42":{"start":{"line":43,"column":0},"end":{"line":43,"column":100}},"43":{"start":{"line":44,"column":0},"end":{"line":44,"column":66}},"44":{"start":{"line":45,"column":0},"end":{"line":45,"column":0}},"45":{"start":{"line":46,"column":0},"end":{"line":46,"column":116}},"46":{"start":{"line":47,"column":0},"end":{"line":47,"column":116}},"47":{"start":{"line":48,"column":0},"end":{"line":48,"column":0}},"48":{"start":{"line":49,"column":0},"end":{"line":49,"column":146}},"49":{"start":{"line":50,"column":0},"end":{"line":50,"column":1}},"50":{"start":{"line":51,"column":0},"end":{"line":51,"column":0}},"51":{"start":{"line":52,"column":0},"end":{"line":52,"column":9}},"52":{"start":{"line":53,"column":0},"end":{"line":53,"column":132}},"53":{"start":{"line":54,"column":0},"end":{"line":54,"column":12}},"54":{"start":{"line":55,"column":0},"end":{"line":55,"column":116}},"55":{"start":{"line":56,"column":0},"end":{"line":56,"column":116}},"56":{"start":{"line":57,"column":0},"end":{"line":57,"column":6}},"57":{"start":{"line":58,"column":0},"end":{"line":58,"column":1}},"58":{"start":{"line":59,"column":0},"end":{"line":59,"column":0}},"59":{"start":{"line":60,"column":0},"end":{"line":60,"column":9}},"60":{"start":{"line":61,"column":0},"end":{"line":61,"column":73}},"61":{"start":{"line":62,"column":0},"end":{"line":62,"column":63}},"62":{"start":{"line":63,"column":0},"end":{"line":63,"column":66}},"63":{"start":{"line":64,"column":0},"end":{"line":64,"column":1}},"64":{"start":{"line":65,"column":0},"end":{"line":65,"column":0}},"65":{"start":{"line":66,"column":0},"end":{"line":66,"column":93}},"66":{"start":{"line":67,"column":0},"end":{"line":67,"column":84}},"67":{"start":{"line":68,"column":0},"end":{"line":68,"column":0}},"68":{"start":{"line":69,"column":0},"end":{"line":69,"column":20}},"69":{"start":{"line":70,"column":0},"end":{"line":70,"column":49}},"70":{"start":{"line":71,"column":0},"end":{"line":71,"column":30}},"71":{"start":{"line":72,"column":0},"end":{"line":72,"column":5}},"72":{"start":{"line":73,"column":0},"end":{"line":73,"column":0}},"73":{"start":{"line":74,"column":0},"end":{"line":74,"column":16}},"74":{"start":{"line":75,"column":0},"end":{"line":75,"column":28}},"75":{"start":{"line":76,"column":0},"end":{"line":76,"column":53}},"76":{"start":{"line":77,"column":0},"end":{"line":77,"column":35}},"77":{"start":{"line":78,"column":0},"end":{"line":78,"column":53}},"78":{"start":{"line":79,"column":0},"end":{"line":79,"column":12}},"79":{"start":{"line":80,"column":0},"end":{"line":80,"column":99}},"80":{"start":{"line":81,"column":0},"end":{"line":81,"column":34}},"81":{"start":{"line":82,"column":0},"end":{"line":82,"column":34}},"82":{"start":{"line":83,"column":0},"end":{"line":83,"column":5}},"83":{"start":{"line":84,"column":0},"end":{"line":84,"column":21}},"84":{"start":{"line":85,"column":0},"end":{"line":85,"column":1}},"85":{"start":{"line":86,"column":0},"end":{"line":86,"column":0}},"86":{"start":{"line":87,"column":0},"end":{"line":87,"column":24}},"87":{"start":{"line":88,"column":0},"end":{"line":88,"column":91}},"88":{"start":{"line":89,"column":0},"end":{"line":89,"column":76}},"89":{"start":{"line":90,"column":0},"end":{"line":90,"column":1}},"90":{"start":{"line":91,"column":0},"end":{"line":91,"column":0}},"91":{"start":{"line":92,"column":0},"end":{"line":92,"column":22}},"92":{"start":{"line":93,"column":0},"end":{"line":93,"column":59}},"93":{"start":{"line":94,"column":0},"end":{"line":94,"column":43}},"94":{"start":{"line":95,"column":0},"end":{"line":95,"column":30}},"95":{"start":{"line":96,"column":0},"end":{"line":96,"column":5}},"96":{"start":{"line":97,"column":0},"end":{"line":97,"column":0}},"97":{"start":{"line":98,"column":0},"end":{"line":98,"column":24}},"98":{"start":{"line":99,"column":0},"end":{"line":99,"column":37}},"99":{"start":{"line":100,"column":0},"end":{"line":100,"column":5}},"100":{"start":{"line":101,"column":0},"end":{"line":101,"column":49}},"101":{"start":{"line":102,"column":0},"end":{"line":102,"column":90}},"102":{"start":{"line":103,"column":0},"end":{"line":103,"column":108}},"103":{"start":{"line":104,"column":0},"end":{"line":104,"column":26}},"104":{"start":{"line":105,"column":0},"end":{"line":105,"column":1}},"105":{"start":{"line":106,"column":0},"end":{"line":106,"column":0}},"106":{"start":{"line":107,"column":0},"end":{"line":107,"column":34}},"107":{"start":{"line":108,"column":0},"end":{"line":108,"column":73}},"108":{"start":{"line":109,"column":0},"end":{"line":109,"column":67}},"109":{"start":{"line":110,"column":0},"end":{"line":110,"column":1}}},"s":{"0":1,"1":1,"2":1,"3":1,"4":1155,"5":1155,"6":1155,"7":1155,"8":1155,"9":1155,"10":1155,"11":1155,"12":1155,"13":385,"14":385,"15":770,"16":770,"17":770,"18":1155,"19":1155,"20":1155,"21":1155,"22":1155,"23":1155,"24":1155,"25":44,"26":44,"27":44,"28":44,"29":726,"30":726,"31":726,"32":726,"33":726,"34":726,"35":726,"36":726,"37":1,"38":726,"39":726,"40":726,"41":726,"42":726,"43":726,"44":726,"45":726,"46":726,"47":726,"48":726,"49":726,"50":1,"51":1,"52":1452,"53":1452,"54":1452,"55":1452,"56":1452,"57":1452,"58":1,"59":1,"60":2904,"61":2904,"62":2904,"63":2904,"64":1,"65":1496,"66":1496,"67":1496,"68":1496,"69":1496,"70":242,"71":242,"72":1254,"73":1254,"74":1496,"75":506,"76":1496,"77":506,"78":748,"79":242,"80":242,"81":242,"82":242,"83":1254,"84":1254,"85":1,"86":1,"87":1452,"88":1452,"89":1452,"90":1,"91":1,"92":1452,"93":1452,"94":242,"95":242,"96":1210,"97":1452,"98":968,"99":968,"100":1210,"101":1210,"102":1452,"103":1452,"104":1452,"105":1,"106":1,"107":1452,"108":1452,"109":1452},"branchMap":{"0":{"type":"branch","line":4,"loc":{"start":{"line":4,"column":7},"end":{"line":37,"column":1}},"locations":[{"start":{"line":4,"column":7},"end":{"line":37,"column":1}}]},"1":{"type":"branch","line":13,"loc":{"start":{"line":13,"column":31},"end":{"line":15,"column":5}},"locations":[{"start":{"line":13,"column":31},"end":{"line":15,"column":5}}]},"2":{"type":"branch","line":15,"loc":{"start":{"line":15,"column":4},"end":{"line":19,"column":45}},"locations":[{"start":{"line":15,"column":4},"end":{"line":19,"column":45}}]},"3":{"type":"branch","line":19,"loc":{"start":{"line":19,"column":41},"end":{"line":19,"column":49}},"locations":[{"start":{"line":19,"column":41},"end":{"line":19,"column":49}}]},"4":{"type":"branch","line":19,"loc":{"start":{"line":19,"column":45},"end":{"line":19,"column":89}},"locations":[{"start":{"line":19,"column":45},"end":{"line":19,"column":89}}]},"5":{"type":"branch","line":20,"loc":{"start":{"line":20,"column":41},"end":{"line":20,"column":49}},"locations":[{"start":{"line":20,"column":41},"end":{"line":20,"column":49}}]},"6":{"type":"branch","line":20,"loc":{"start":{"line":20,"column":45},"end":{"line":20,"column":89}},"locations":[{"start":{"line":20,"column":45},"end":{"line":20,"column":89}}]},"7":{"type":"branch","line":25,"loc":{"start":{"line":25,"column":28},"end":{"line":29,"column":5}},"locations":[{"start":{"line":25,"column":28},"end":{"line":29,"column":5}}]},"8":{"type":"branch","line":29,"loc":{"start":{"line":29,"column":4},"end":{"line":37,"column":1}},"locations":[{"start":{"line":29,"column":4},"end":{"line":37,"column":1}}]},"9":{"type":"branch","line":39,"loc":{"start":{"line":39,"column":0},"end":{"line":50,"column":1}},"locations":[{"start":{"line":39,"column":0},"end":{"line":50,"column":1}}]},"10":{"type":"branch","line":53,"loc":{"start":{"line":53,"column":0},"end":{"line":58,"column":1}},"locations":[{"start":{"line":53,"column":0},"end":{"line":58,"column":1}}]},"11":{"type":"branch","line":61,"loc":{"start":{"line":61,"column":0},"end":{"line":64,"column":1}},"locations":[{"start":{"line":61,"column":0},"end":{"line":64,"column":1}}]},"12":{"type":"branch","line":66,"loc":{"start":{"line":66,"column":0},"end":{"line":85,"column":1}},"locations":[{"start":{"line":66,"column":0},"end":{"line":85,"column":1}}]},"13":{"type":"branch","line":70,"loc":{"start":{"line":70,"column":24},"end":{"line":70,"column":48}},"locations":[{"start":{"line":70,"column":24},"end":{"line":70,"column":48}}]},"14":{"type":"branch","line":70,"loc":{"start":{"line":70,"column":48},"end":{"line":72,"column":5}},"locations":[{"start":{"line":70,"column":48},"end":{"line":72,"column":5}}]},"15":{"type":"branch","line":72,"loc":{"start":{"line":72,"column":4},"end":{"line":75,"column":27}},"locations":[{"start":{"line":72,"column":4},"end":{"line":75,"column":27}}]},"16":{"type":"branch","line":75,"loc":{"start":{"line":75,"column":27},"end":{"line":77,"column":15}},"locations":[{"start":{"line":75,"column":27},"end":{"line":77,"column":15}}]},"17":{"type":"branch","line":76,"loc":{"start":{"line":76,"column":36},"end":{"line":76,"column":47}},"locations":[{"start":{"line":76,"column":36},"end":{"line":76,"column":47}}]},"18":{"type":"branch","line":76,"loc":{"start":{"line":76,"column":40},"end":{"line":76,"column":53}},"locations":[{"start":{"line":76,"column":40},"end":{"line":76,"column":53}}]},"19":{"type":"branch","line":77,"loc":{"start":{"line":77,"column":4},"end":{"line":83,"column":5}},"locations":[{"start":{"line":77,"column":4},"end":{"line":83,"column":5}}]},"20":{"type":"branch","line":77,"loc":{"start":{"line":77,"column":34},"end":{"line":79,"column":11}},"locations":[{"start":{"line":77,"column":34},"end":{"line":79,"column":11}}]},"21":{"type":"branch","line":78,"loc":{"start":{"line":78,"column":36},"end":{"line":78,"column":47}},"locations":[{"start":{"line":78,"column":36},"end":{"line":78,"column":47}}]},"22":{"type":"branch","line":78,"loc":{"start":{"line":78,"column":40},"end":{"line":78,"column":53}},"locations":[{"start":{"line":78,"column":40},"end":{"line":78,"column":53}}]},"23":{"type":"branch","line":79,"loc":{"start":{"line":79,"column":4},"end":{"line":83,"column":5}},"locations":[{"start":{"line":79,"column":4},"end":{"line":83,"column":5}}]},"24":{"type":"branch","line":83,"loc":{"start":{"line":83,"column":4},"end":{"line":85,"column":1}},"locations":[{"start":{"line":83,"column":4},"end":{"line":85,"column":1}}]},"25":{"type":"branch","line":88,"loc":{"start":{"line":88,"column":0},"end":{"line":90,"column":1}},"locations":[{"start":{"line":88,"column":0},"end":{"line":90,"column":1}}]},"26":{"type":"branch","line":93,"loc":{"start":{"line":93,"column":0},"end":{"line":105,"column":1}},"locations":[{"start":{"line":93,"column":0},"end":{"line":105,"column":1}}]},"27":{"type":"branch","line":94,"loc":{"start":{"line":94,"column":21},"end":{"line":94,"column":42}},"locations":[{"start":{"line":94,"column":21},"end":{"line":94,"column":42}}]},"28":{"type":"branch","line":94,"loc":{"start":{"line":94,"column":42},"end":{"line":96,"column":5}},"locations":[{"start":{"line":94,"column":42},"end":{"line":96,"column":5}}]},"29":{"type":"branch","line":96,"loc":{"start":{"line":96,"column":4},"end":{"line":98,"column":23}},"locations":[{"start":{"line":96,"column":4},"end":{"line":98,"column":23}}]},"30":{"type":"branch","line":98,"loc":{"start":{"line":98,"column":23},"end":{"line":100,"column":5}},"locations":[{"start":{"line":98,"column":23},"end":{"line":100,"column":5}}]},"31":{"type":"branch","line":100,"loc":{"start":{"line":100,"column":4},"end":{"line":103,"column":41}},"locations":[{"start":{"line":100,"column":4},"end":{"line":103,"column":41}}]},"32":{"type":"branch","line":103,"loc":{"start":{"line":103,"column":36},"end":{"line":103,"column":66}},"locations":[{"start":{"line":103,"column":36},"end":{"line":103,"column":66}}]},"33":{"type":"branch","line":103,"loc":{"start":{"line":103,"column":52},"end":{"line":103,"column":60}},"locations":[{"start":{"line":103,"column":52},"end":{"line":103,"column":60}}]},"34":{"type":"branch","line":103,"loc":{"start":{"line":103,"column":56},"end":{"line":103,"column":66}},"locations":[{"start":{"line":103,"column":56},"end":{"line":103,"column":66}}]},"35":{"type":"branch","line":103,"loc":{"start":{"line":103,"column":60},"end":{"line":103,"column":108}},"locations":[{"start":{"line":103,"column":60},"end":{"line":103,"column":108}}]},"36":{"type":"branch","line":108,"loc":{"start":{"line":108,"column":0},"end":{"line":110,"column":1}},"locations":[{"start":{"line":108,"column":0},"end":{"line":110,"column":1}}]}},"b":{"0":[1155],"1":[385],"2":[770],"3":[121],"4":[649],"5":[121],"6":[649],"7":[44],"8":[726],"9":[726],"10":[1452],"11":[2904],"12":[1496],"13":[748],"14":[242],"15":[1254],"16":[506],"17":[264],"18":[242],"19":[748],"20":[506],"21":[264],"22":[242],"23":[242],"24":[1254],"25":[1452],"26":[1452],"27":[726],"28":[242],"29":[1210],"30":[968],"31":[1210],"32":[484],"33":[242],"34":[242],"35":[726],"36":[1452]},"fnMap":{"0":{"name":"calc_collision","decl":{"start":{"line":4,"column":7},"end":{"line":37,"column":1}},"loc":{"start":{"line":4,"column":7},"end":{"line":37,"column":1}},"line":4},"1":{"name":"calc_collision_velocity","decl":{"start":{"line":39,"column":0},"end":{"line":50,"column":1}},"loc":{"start":{"line":39,"column":0},"end":{"line":50,"column":1}},"line":39},"2":{"name":"calc_collision_formula","decl":{"start":{"line":53,"column":0},"end":{"line":58,"column":1}},"loc":{"start":{"line":53,"column":0},"end":{"line":58,"column":1}},"line":53},"3":{"name":"calc_inner_product","decl":{"start":{"line":61,"column":0},"end":{"line":64,"column":1}},"loc":{"start":{"line":61,"column":0},"end":{"line":64,"column":1}},"line":61},"4":{"name":"create_horizontal_vector","decl":{"start":{"line":66,"column":0},"end":{"line":85,"column":1}},"loc":{"start":{"line":66,"column":0},"end":{"line":85,"column":1}},"line":66},"5":{"name":"calc_horizontal_velocity","decl":{"start":{"line":88,"column":0},"end":{"line":90,"column":1}},"loc":{"start":{"line":88,"column":0},"end":{"line":90,"column":1}},"line":88},"6":{"name":"create_vertical_vector","decl":{"start":{"line":93,"column":0},"end":{"line":105,"column":1}},"loc":{"start":{"line":93,"column":0},"end":{"line":105,"column":1}},"line":93},"7":{"name":"calc_vertical_velocity","decl":{"start":{"line":108,"column":0},"end":{"line":110,"column":1}},"loc":{"start":{"line":108,"column":0},"end":{"line":110,"column":1}},"line":108}},"f":{"0":1155,"1":726,"2":1452,"3":2904,"4":1496,"5":1452,"6":1452,"7":1452}}
,"F:\\playground\\water_melon_game\\src\\constants.ts": {"path":"F:\\playground\\water_melon_game\\src\\constants.ts","all":false,"statementMap":{"0":{"start":{"line":1,"column":0},"end":{"line":1,"column":23}},"1":{"start":{"line":2,"column":0},"end":{"line":2,"column":27}},"2":{"start":{"line":3,"column":0},"end":{"line":3,"column":27}},"3":{"start":{"line":4,"column":0},"end":{"line":4,"column":83}},"4":{"start":{"line":5,"column":0},"end":{"line":5,"column":44}},"5":{"start":{"line":6,"column":0},"end":{"line":6,"column":49}},"6":{"start":{"line":7,"column":0},"end":{"line":7,"column":42}},"7":{"start":{"line":8,"column":0},"end":{"line":8,"column":49}},"8":{"start":{"line":9,"column":0},"end":{"line":9,"column":49}},"9":{"start":{"line":10,"column":0},"end":{"line":10,"column":41}},"10":{"start":{"line":11,"column":0},"end":{"line":11,"column":36}},"11":{"start":{"line":12,"column":0},"end":{"line":12,"column":48}},"12":{"start":{"line":13,"column":0},"end":{"line":13,"column":0}},"13":{"start":{"line":14,"column":0},"end":{"line":14,"column":26}},"14":{"start":{"line":15,"column":0},"end":{"line":15,"column":67}},"15":{"start":{"line":16,"column":0},"end":{"line":16,"column":68}},"16":{"start":{"line":17,"column":0},"end":{"line":17,"column":63}},"17":{"start":{"line":18,"column":0},"end":{"line":18,"column":64}},"18":{"start":{"line":19,"column":0},"end":{"line":19,"column":67}},"19":{"start":{"line":20,"column":0},"end":{"line":20,"column":64}},"20":{"start":{"line":21,"column":0},"end":{"line":21,"column":63}},"21":{"start":{"line":22,"column":0},"end":{"line":22,"column":64}},"22":{"start":{"line":23,"column":0},"end":{"line":23,"column":69}},"23":{"start":{"line":24,"column":0},"end":{"line":24,"column":66}},"24":{"start":{"line":25,"column":0},"end":{"line":25,"column":71}},"25":{"start":{"line":26,"column":0},"end":{"line":26,"column":11}},"26":{"start":{"line":27,"column":0},"end":{"line":27,"column":0}},"27":{"start":{"line":28,"column":0},"end":{"line":28,"column":66}},"28":{"start":{"line":29,"column":0},"end":{"line":29,"column":0}},"29":{"start":{"line":30,"column":0},"end":{"line":30,"column":142}},"30":{"start":{"line":31,"column":0},"end":{"line":31,"column":92}},"31":{"start":{"line":32,"column":0},"end":{"line":32,"column":49}},"32":{"start":{"line":33,"column":0},"end":{"line":33,"column":0}},"33":{"start":{"line":34,"column":0},"end":{"line":34,"column":48}},"34":{"start":{"line":35,"column":0},"end":{"line":35,"column":56}},"35":{"start":{"line":36,"column":0},"end":{"line":36,"column":86}},"36":{"start":{"line":37,"column":0},"end":{"line":37,"column":49}},"37":{"start":{"line":38,"column":0},"end":{"line":38,"column":71}},"38":{"start":{"line":39,"column":0},"end":{"line":39,"column":0}},"39":{"start":{"line":40,"column":0},"end":{"line":40,"column":65}},"40":{"start":{"line":41,"column":0},"end":{"line":41,"column":22}},"41":{"start":{"line":42,"column":0},"end":{"line":42,"column":30}},"42":{"start":{"line":43,"column":0},"end":{"line":43,"column":40}},"43":{"start":{"line":44,"column":0},"end":{"line":44,"column":34}},"44":{"start":{"line":45,"column":0},"end":{"line":45,"column":35}},"45":{"start":{"line":46,"column":0},"end":{"line":46,"column":29}},"46":{"start":{"line":47,"column":0},"end":{"line":47,"column":36}},"47":{"start":{"line":48,"column":0},"end":{"line":48,"column":30}},"48":{"start":{"line":49,"column":0},"end":{"line":49,"column":39}},"49":{"start":{"line":50,"column":0},"end":{"line":50,"column":33}},"50":{"start":{"line":51,"column":0},"end":{"line":51,"column":35}},"51":{"start":{"line":52,"column":0},"end":{"line":52,"column":29}},"52":{"start":{"line":53,"column":0},"end":{"line":53,"column":34}},"53":{"start":{"line":54,"column":0},"end":{"line":54,"column":28}},"54":{"start":{"line":55,"column":0},"end":{"line":55,"column":35}},"55":{"start":{"line":56,"column":0},"end":{"line":56,"column":29}},"56":{"start":{"line":57,"column":0},"end":{"line":57,"column":39}},"57":{"start":{"line":58,"column":0},"end":{"line":58,"column":33}},"58":{"start":{"line":59,"column":0},"end":{"line":59,"column":35}},"59":{"start":{"line":60,"column":0},"end":{"line":60,"column":29}},"60":{"start":{"line":61,"column":0},"end":{"line":61,"column":40}},"61":{"start":{"line":62,"column":0},"end":{"line":62,"column":34}},"62":{"start":{"line":63,"column":0},"end":{"line":63,"column":16}},"63":{"start":{"line":64,"column":0},"end":{"line":64,"column":36}},"64":{"start":{"line":65,"column":0},"end":{"line":65,"column":5}},"65":{"start":{"line":66,"column":0},"end":{"line":66,"column":1}}},"s":{"0":1,"1":1,"2":1,"3":1,"4":1,"5":1,"6":1,"7":1,"8":1,"9":1,"10":1,"11":1,"12":1,"13":1,"14":1,"15":1,"16":1,"17":1,"18":1,"19":1,"20":1,"21":1,"22":1,"23":1,"24":1,"25":1,"26":1,"27":1,"28":1,"29":1,"30":1,"31":1,"32":1,"33":1,"34":1,"35":1,"36":1,"37":1,"38":1,"39":1,"40":33,"41":33,"42":3,"43":33,"44":3,"45":33,"46":3,"47":33,"48":3,"49":33,"50":3,"51":33,"52":3,"53":33,"54":3,"55":33,"56":3,"57":33,"58":3,"59":33,"60":3,"61":33,"62":33,"63":3,"64":33,"65":33},"branchMap":{"0":{"type":"branch","line":40,"loc":{"start":{"line":40,"column":7},"end":{"line":66,"column":1}},"locations":[{"start":{"line":40,"column":7},"end":{"line":66,"column":1}}]},"1":{"type":"branch","line":42,"loc":{"start":{"line":42,"column":8},"end":{"line":43,"column":40}},"locations":[{"start":{"line":42,"column":8},"end":{"line":43,"column":40}}]},"2":{"type":"branch","line":44,"loc":{"start":{"line":44,"column":8},"end":{"line":45,"column":35}},"locations":[{"start":{"line":44,"column":8},"end":{"line":45,"column":35}}]},"3":{"type":"branch","line":46,"loc":{"start":{"line":46,"column":8},"end":{"line":47,"column":36}},"locations":[{"start":{"line":46,"column":8},"end":{"line":47,"column":36}}]},"4":{"type":"branch","line":48,"loc":{"start":{"line":48,"column":8},"end":{"line":49,"column":39}},"locations":[{"start":{"line":48,"column":8},"end":{"line":49,"column":39}}]},"5":{"type":"branch","line":50,"loc":{"start":{"line":50,"column":8},"end":{"line":51,"column":35}},"locations":[{"start":{"line":50,"column":8},"end":{"line":51,"column":35}}]},"6":{"type":"branch","line":52,"loc":{"start":{"line":52,"column":8},"end":{"line":53,"column":34}},"locations":[{"start":{"line":52,"column":8},"end":{"line":53,"column":34}}]},"7":{"type":"branch","line":54,"loc":{"start":{"line":54,"column":8},"end":{"line":55,"column":35}},"locations":[{"start":{"line":54,"column":8},"end":{"line":55,"column":35}}]},"8":{"type":"branch","line":56,"loc":{"start":{"line":56,"column":8},"end":{"line":57,"column":39}},"locations":[{"start":{"line":56,"column":8},"end":{"line":57,"column":39}}]},"9":{"type":"branch","line":58,"loc":{"start":{"line":58,"column":8},"end":{"line":59,"column":35}},"locations":[{"start":{"line":58,"column":8},"end":{"line":59,"column":35}}]},"10":{"type":"branch","line":60,"loc":{"start":{"line":60,"column":8},"end":{"line":61,"column":40}},"locations":[{"start":{"line":60,"column":8},"end":{"line":61,"column":40}}]},"11":{"type":"branch","line":62,"loc":{"start":{"line":62,"column":8},"end":{"line":62,"column":34}},"locations":[{"start":{"line":62,"column":8},"end":{"line":62,"column":34}}]},"12":{"type":"branch","line":63,"loc":{"start":{"line":63,"column":8},"end":{"line":64,"column":36}},"locations":[{"start":{"line":63,"column":8},"end":{"line":64,"column":36}}]}},"b":{"0":[33],"1":[3],"2":[3],"3":[3],"4":[3],"5":[3],"6":[3],"7":[3],"8":[3],"9":[3],"10":[3],"11":[3],"12":[3]},"fnMap":{"0":{"name":"get_next_ball_type","decl":{"start":{"line":40,"column":7},"end":{"line":66,"column":1}},"loc":{"start":{"line":40,"column":7},"end":{"line":66,"column":1}},"line":40}},"f":{"0":33}}
,"F:\\playground\\water_melon_game\\src\\main.ts": {"path":"F:\\playground\\water_melon_game\\src\\main.ts","all":true,"statementMap":{"0":{"start":{"line":1,"column":0},"end":{"line":1,"column":21}},"1":{"start":{"line":2,"column":0},"end":{"line":2,"column":8}},"2":{"start":{"line":3,"column":0},"end":{"line":3,"column":25}},"3":{"start":{"line":4,"column":0},"end":{"line":4,"column":20}},"4":{"start":{"line":5,"column":0},"end":{"line":5,"column":27}},"5":{"start":{"line":6,"column":0},"end":{"line":6,"column":21}},"6":{"start":{"line":7,"column":0},"end":{"line":7,"column":21}},"7":{"start":{"line":8,"column":0},"end":{"line":8,"column":22}},"8":{"start":{"line":9,"column":0},"end":{"line":9,"column":20}},"9":{"start":{"line":10,"column":0},"end":{"line":10,"column":22}},"10":{"start":{"line":11,"column":0},"end":{"line":11,"column":22}},"11":{"start":{"line":12,"column":0},"end":{"line":12,"column":21}},"12":{"start":{"line":13,"column":0},"end":{"line":13,"column":30}},"13":{"start":{"line":14,"column":0},"end":{"line":14,"column":45}},"14":{"start":{"line":15,"column":0},"end":{"line":15,"column":0}},"15":{"start":{"line":16,"column":0},"end":{"line":16,"column":75}},"16":{"start":{"line":17,"column":0},"end":{"line":17,"column":64}},"17":{"start":{"line":18,"column":0},"end":{"line":18,"column":80}},"18":{"start":{"line":19,"column":0},"end":{"line":19,"column":82}},"19":{"start":{"line":20,"column":0},"end":{"line":20,"column":0}},"20":{"start":{"line":21,"column":0},"end":{"line":21,"column":23}},"21":{"start":{"line":22,"column":0},"end":{"line":22,"column":33}},"22":{"start":{"line":23,"column":0},"end":{"line":23,"column":28}},"23":{"start":{"line":24,"column":0},"end":{"line":24,"column":14}},"24":{"start":{"line":25,"column":0},"end":{"line":25,"column":0}},"25":{"start":{"line":26,"column":0},"end":{"line":26,"column":37}},"26":{"start":{"line":27,"column":0},"end":{"line":27,"column":36}},"27":{"start":{"line":28,"column":0},"end":{"line":28,"column":70}},"28":{"start":{"line":29,"column":0},"end":{"line":29,"column":23}},"29":{"start":{"line":30,"column":0},"end":{"line":30,"column":49}},"30":{"start":{"line":31,"column":0},"end":{"line":31,"column":71}},"31":{"start":{"line":32,"column":0},"end":{"line":32,"column":1}},"32":{"start":{"line":33,"column":0},"end":{"line":33,"column":0}},"33":{"start":{"line":34,"column":0},"end":{"line":34,"column":39}},"34":{"start":{"line":35,"column":0},"end":{"line":35,"column":33}},"35":{"start":{"line":36,"column":0},"end":{"line":36,"column":70}},"36":{"start":{"line":37,"column":0},"end":{"line":37,"column":18}},"37":{"start":{"line":38,"column":0},"end":{"line":38,"column":1}},"38":{"start":{"line":39,"column":0},"end":{"line":39,"column":0}},"39":{"start":{"line":40,"column":0},"end":{"line":40,"column":45}},"40":{"start":{"line":41,"column":0},"end":{"line":41,"column":81}},"41":{"start":{"line":42,"column":0},"end":{"line":42,"column":29}},"42":{"start":{"line":43,"column":0},"end":{"line":43,"column":39}},"43":{"start":{"line":44,"column":0},"end":{"line":44,"column":48}},"44":{"start":{"line":45,"column":0},"end":{"line":45,"column":39}},"45":{"start":{"line":46,"column":0},"end":{"line":46,"column":34}},"46":{"start":{"line":47,"column":0},"end":{"line":47,"column":7}},"47":{"start":{"line":48,"column":0},"end":{"line":48,"column":1}},"48":{"start":{"line":49,"column":0},"end":{"line":49,"column":0}},"49":{"start":{"line":50,"column":0},"end":{"line":50,"column":18}},"50":{"start":{"line":51,"column":0},"end":{"line":51,"column":15}},"51":{"start":{"line":52,"column":0},"end":{"line":52,"column":20}},"52":{"start":{"line":53,"column":0},"end":{"line":53,"column":14}},"53":{"start":{"line":54,"column":0},"end":{"line":54,"column":20}},"54":{"start":{"line":55,"column":0},"end":{"line":55,"column":22}},"55":{"start":{"line":56,"column":0},"end":{"line":56,"column":22}},"56":{"start":{"line":57,"column":0},"end":{"line":57,"column":30}},"57":{"start":{"line":58,"column":0},"end":{"line":58,"column":35}},"58":{"start":{"line":59,"column":0},"end":{"line":59,"column":1}},"59":{"start":{"line":60,"column":0},"end":{"line":60,"column":0}},"60":{"start":{"line":61,"column":0},"end":{"line":61,"column":30}},"61":{"start":{"line":62,"column":0},"end":{"line":62,"column":28}},"62":{"start":{"line":63,"column":0},"end":{"line":63,"column":20}},"63":{"start":{"line":64,"column":0},"end":{"line":64,"column":12}},"64":{"start":{"line":65,"column":0},"end":{"line":65,"column":129}},"65":{"start":{"line":66,"column":0},"end":{"line":66,"column":36}},"66":{"start":{"line":67,"column":0},"end":{"line":67,"column":22}},"67":{"start":{"line":68,"column":0},"end":{"line":68,"column":5}},"68":{"start":{"line":69,"column":0},"end":{"line":69,"column":1}},"69":{"start":{"line":70,"column":0},"end":{"line":70,"column":0}},"70":{"start":{"line":71,"column":0},"end":{"line":71,"column":22}},"71":{"start":{"line":72,"column":0},"end":{"line":72,"column":43}},"72":{"start":{"line":73,"column":0},"end":{"line":73,"column":19}},"73":{"start":{"line":74,"column":0},"end":{"line":74,"column":11}},"74":{"start":{"line":75,"column":0},"end":{"line":75,"column":25}},"75":{"start":{"line":76,"column":0},"end":{"line":76,"column":52}},"76":{"start":{"line":77,"column":0},"end":{"line":77,"column":26}},"77":{"start":{"line":78,"column":0},"end":{"line":78,"column":16}},"78":{"start":{"line":79,"column":0},"end":{"line":79,"column":5}},"79":{"start":{"line":80,"column":0},"end":{"line":80,"column":1}},"80":{"start":{"line":81,"column":0},"end":{"line":81,"column":0}},"81":{"start":{"line":82,"column":0},"end":{"line":82,"column":34}},"82":{"start":{"line":83,"column":0},"end":{"line":83,"column":33}},"83":{"start":{"line":84,"column":0},"end":{"line":84,"column":113}},"84":{"start":{"line":85,"column":0},"end":{"line":85,"column":7}},"85":{"start":{"line":86,"column":0},"end":{"line":86,"column":1}},"86":{"start":{"line":87,"column":0},"end":{"line":87,"column":0}},"87":{"start":{"line":88,"column":0},"end":{"line":88,"column":28}},"88":{"start":{"line":89,"column":0},"end":{"line":89,"column":106}},"89":{"start":{"line":90,"column":0},"end":{"line":90,"column":107}},"90":{"start":{"line":91,"column":0},"end":{"line":91,"column":49}},"91":{"start":{"line":92,"column":0},"end":{"line":92,"column":51}},"92":{"start":{"line":93,"column":0},"end":{"line":93,"column":32}},"93":{"start":{"line":94,"column":0},"end":{"line":94,"column":33}},"94":{"start":{"line":95,"column":0},"end":{"line":95,"column":1}},"95":{"start":{"line":96,"column":0},"end":{"line":96,"column":0}},"96":{"start":{"line":97,"column":0},"end":{"line":97,"column":36}},"97":{"start":{"line":98,"column":0},"end":{"line":98,"column":38}},"98":{"start":{"line":99,"column":0},"end":{"line":99,"column":39}},"99":{"start":{"line":100,"column":0},"end":{"line":100,"column":184}},"100":{"start":{"line":101,"column":0},"end":{"line":101,"column":193}},"101":{"start":{"line":102,"column":0},"end":{"line":102,"column":1}},"102":{"start":{"line":103,"column":0},"end":{"line":103,"column":0}},"103":{"start":{"line":104,"column":0},"end":{"line":104,"column":28}},"104":{"start":{"line":105,"column":0},"end":{"line":105,"column":38}},"105":{"start":{"line":106,"column":0},"end":{"line":106,"column":76}},"106":{"start":{"line":107,"column":0},"end":{"line":107,"column":78}},"107":{"start":{"line":108,"column":0},"end":{"line":108,"column":1}},"108":{"start":{"line":109,"column":0},"end":{"line":109,"column":0}},"109":{"start":{"line":110,"column":0},"end":{"line":110,"column":22}},"110":{"start":{"line":111,"column":0},"end":{"line":111,"column":22}},"111":{"start":{"line":112,"column":0},"end":{"line":112,"column":15}},"112":{"start":{"line":113,"column":0},"end":{"line":113,"column":5}},"113":{"start":{"line":114,"column":0},"end":{"line":114,"column":43}},"114":{"start":{"line":115,"column":0},"end":{"line":115,"column":104}},"115":{"start":{"line":116,"column":0},"end":{"line":116,"column":45}},"116":{"start":{"line":117,"column":0},"end":{"line":117,"column":80}},"117":{"start":{"line":118,"column":0},"end":{"line":118,"column":26}},"118":{"start":{"line":119,"column":0},"end":{"line":119,"column":30}},"119":{"start":{"line":120,"column":0},"end":{"line":120,"column":27}},"120":{"start":{"line":121,"column":0},"end":{"line":121,"column":22}},"121":{"start":{"line":122,"column":0},"end":{"line":122,"column":30}},"122":{"start":{"line":123,"column":0},"end":{"line":123,"column":1}},"123":{"start":{"line":124,"column":0},"end":{"line":124,"column":0}},"124":{"start":{"line":125,"column":0},"end":{"line":125,"column":53}},"125":{"start":{"line":126,"column":0},"end":{"line":126,"column":95}},"126":{"start":{"line":127,"column":0},"end":{"line":127,"column":80}},"127":{"start":{"line":128,"column":0},"end":{"line":128,"column":12}},"128":{"start":{"line":129,"column":0},"end":{"line":129,"column":16}},"129":{"start":{"line":130,"column":0},"end":{"line":130,"column":3}},"130":{"start":{"line":131,"column":0},"end":{"line":131,"column":0}},"131":{"start":{"line":132,"column":0},"end":{"line":132,"column":45}},"132":{"start":{"line":133,"column":0},"end":{"line":133,"column":45}},"133":{"start":{"line":134,"column":0},"end":{"line":134,"column":20}},"134":{"start":{"line":135,"column":0},"end":{"line":135,"column":15}},"135":{"start":{"line":136,"column":0},"end":{"line":136,"column":5}},"136":{"start":{"line":137,"column":0},"end":{"line":137,"column":32}},"137":{"start":{"line":138,"column":0},"end":{"line":138,"column":42}},"138":{"start":{"line":139,"column":0},"end":{"line":139,"column":127}},"139":{"start":{"line":140,"column":0},"end":{"line":140,"column":5}},"140":{"start":{"line":141,"column":0},"end":{"line":141,"column":33}},"141":{"start":{"line":142,"column":0},"end":{"line":142,"column":42}},"142":{"start":{"line":143,"column":0},"end":{"line":143,"column":127}},"143":{"start":{"line":144,"column":0},"end":{"line":144,"column":5}},"144":{"start":{"line":145,"column":0},"end":{"line":145,"column":65}},"145":{"start":{"line":146,"column":0},"end":{"line":146,"column":3}},"146":{"start":{"line":147,"column":0},"end":{"line":147,"column":0}},"147":{"start":{"line":148,"column":0},"end":{"line":148,"column":77}},"148":{"start":{"line":149,"column":0},"end":{"line":149,"column":74}},"149":{"start":{"line":150,"column":0},"end":{"line":150,"column":73}},"150":{"start":{"line":151,"column":0},"end":{"line":151,"column":47}},"151":{"start":{"line":152,"column":0},"end":{"line":152,"column":38}},"152":{"start":{"line":153,"column":0},"end":{"line":153,"column":116}},"153":{"start":{"line":154,"column":0},"end":{"line":154,"column":3}},"154":{"start":{"line":155,"column":0},"end":{"line":155,"column":0}},"155":{"start":{"line":156,"column":0},"end":{"line":156,"column":25}},"156":{"start":{"line":157,"column":0},"end":{"line":157,"column":53}},"157":{"start":{"line":158,"column":0},"end":{"line":158,"column":1}},"158":{"start":{"line":159,"column":0},"end":{"line":159,"column":0}},"159":{"start":{"line":160,"column":0},"end":{"line":160,"column":24}},"160":{"start":{"line":161,"column":0},"end":{"line":161,"column":16}},"161":{"start":{"line":162,"column":0},"end":{"line":162,"column":20}},"162":{"start":{"line":163,"column":0},"end":{"line":163,"column":32}},"163":{"start":{"line":164,"column":0},"end":{"line":164,"column":52}},"164":{"start":{"line":165,"column":0},"end":{"line":165,"column":69}},"165":{"start":{"line":166,"column":0},"end":{"line":166,"column":67}},"166":{"start":{"line":167,"column":0},"end":{"line":167,"column":50}},"167":{"start":{"line":168,"column":0},"end":{"line":168,"column":17}},"168":{"start":{"line":169,"column":0},"end":{"line":169,"column":0}},"169":{"start":{"line":170,"column":0},"end":{"line":170,"column":21}},"170":{"start":{"line":171,"column":0},"end":{"line":171,"column":20}},"171":{"start":{"line":172,"column":0},"end":{"line":172,"column":32}},"172":{"start":{"line":173,"column":0},"end":{"line":173,"column":71}},"173":{"start":{"line":174,"column":0},"end":{"line":174,"column":111}},"174":{"start":{"line":175,"column":0},"end":{"line":175,"column":151}},"175":{"start":{"line":176,"column":0},"end":{"line":176,"column":111}},"176":{"start":{"line":177,"column":0},"end":{"line":177,"column":20}},"177":{"start":{"line":178,"column":0},"end":{"line":178,"column":17}},"178":{"start":{"line":179,"column":0},"end":{"line":179,"column":20}},"179":{"start":{"line":180,"column":0},"end":{"line":180,"column":0}},"180":{"start":{"line":181,"column":0},"end":{"line":181,"column":30}},"181":{"start":{"line":182,"column":0},"end":{"line":182,"column":137}},"182":{"start":{"line":183,"column":0},"end":{"line":183,"column":1}},"183":{"start":{"line":184,"column":0},"end":{"line":184,"column":0}},"184":{"start":{"line":185,"column":0},"end":{"line":185,"column":27}},"185":{"start":{"line":186,"column":0},"end":{"line":186,"column":38}},"186":{"start":{"line":187,"column":0},"end":{"line":187,"column":20}},"187":{"start":{"line":188,"column":0},"end":{"line":188,"column":32}},"188":{"start":{"line":189,"column":0},"end":{"line":189,"column":93}},"189":{"start":{"line":190,"column":0},"end":{"line":190,"column":76}},"190":{"start":{"line":191,"column":0},"end":{"line":191,"column":17}},"191":{"start":{"line":192,"column":0},"end":{"line":192,"column":1}},"192":{"start":{"line":193,"column":0},"end":{"line":193,"column":0}},"193":{"start":{"line":194,"column":0},"end":{"line":194,"column":28}},"194":{"start":{"line":195,"column":0},"end":{"line":195,"column":34}},"195":{"start":{"line":196,"column":0},"end":{"line":196,"column":23}},"196":{"start":{"line":197,"column":0},"end":{"line":197,"column":7}},"197":{"start":{"line":198,"column":0},"end":{"line":198,"column":21}},"198":{"start":{"line":199,"column":0},"end":{"line":199,"column":1}},"199":{"start":{"line":200,"column":0},"end":{"line":200,"column":0}},"200":{"start":{"line":201,"column":0},"end":{"line":201,"column":23}},"201":{"start":{"line":202,"column":0},"end":{"line":202,"column":50}},"202":{"start":{"line":203,"column":0},"end":{"line":203,"column":32}},"203":{"start":{"line":204,"column":0},"end":{"line":204,"column":70}},"204":{"start":{"line":205,"column":0},"end":{"line":205,"column":78}},"205":{"start":{"line":206,"column":0},"end":{"line":206,"column":43}},"206":{"start":{"line":207,"column":0},"end":{"line":207,"column":98}},"207":{"start":{"line":208,"column":0},"end":{"line":208,"column":62}},"208":{"start":{"line":209,"column":0},"end":{"line":209,"column":36}},"209":{"start":{"line":210,"column":0},"end":{"line":210,"column":17}},"210":{"start":{"line":211,"column":0},"end":{"line":211,"column":52}},"211":{"start":{"line":212,"column":0},"end":{"line":212,"column":45}},"212":{"start":{"line":213,"column":0},"end":{"line":213,"column":193}},"213":{"start":{"line":214,"column":0},"end":{"line":214,"column":156}},"214":{"start":{"line":215,"column":0},"end":{"line":215,"column":47}},"215":{"start":{"line":216,"column":0},"end":{"line":216,"column":46}},"216":{"start":{"line":217,"column":0},"end":{"line":217,"column":17}},"217":{"start":{"line":218,"column":0},"end":{"line":218,"column":13}},"218":{"start":{"line":219,"column":0},"end":{"line":219,"column":9}},"219":{"start":{"line":220,"column":0},"end":{"line":220,"column":23}},"220":{"start":{"line":221,"column":0},"end":{"line":221,"column":5}},"221":{"start":{"line":222,"column":0},"end":{"line":222,"column":1}},"222":{"start":{"line":223,"column":0},"end":{"line":223,"column":0}},"223":{"start":{"line":224,"column":0},"end":{"line":224,"column":17}},"224":{"start":{"line":225,"column":0},"end":{"line":225,"column":22}},"225":{"start":{"line":226,"column":0},"end":{"line":226,"column":17}},"226":{"start":{"line":227,"column":0},"end":{"line":227,"column":18}},"227":{"start":{"line":228,"column":0},"end":{"line":228,"column":0}},"228":{"start":{"line":229,"column":0},"end":{"line":229,"column":42}},"229":{"start":{"line":230,"column":0},"end":{"line":230,"column":1}}},"s":{"0":0,"1":0,"2":0,"3":0,"4":0,"5":0,"6":0,"7":0,"8":0,"9":0,"10":0,"11":0,"12":0,"13":0,"14":0,"15":0,"16":0,"17":0,"18":0,"19":0,"20":0,"21":0,"22":0,"23":0,"24":0,"25":0,"26":0,"27":0,"28":0,"29":0,"30":0,"31":0,"32":0,"33":0,"34":0,"35":0,"36":0,"37":0,"38":0,"39":0,"40":0,"41":0,"42":0,"43":0,"44":0,"45":0,"46":0,"47":0,"48":0,"49":0,"50":0,"51":0,"52":0,"53":0,"54":0,"55":0,"56":0,"57":0,"58":0,"59":0,"60":0,"61":0,"62":0,"63":0,"64":0,"65":0,"66":0,"67":0,"68":0,"69":0,"70":0,"71":0,"72":0,"73":0,"74":0,"75":0,"76":0,"77":0,"78":0,"79":0,"80":0,"81":0,"82":0,"83":0,"84":0,"85":0,"86":0,"87":0,"88":0,"89":0,"90":0,"91":0,"92":0,"93":0,"94":0,"95":0,"96":0,"97":0,"98":0,"99":0,"100":0,"101":0,"102":0,"103":0,"104":0,"105":0,"106":0,"107":0,"108":0,"109":0,"110":0,"111":0,"112":0,"113":0,"114":0,"115":0,"116":0,"117":0,"118":0,"119":0,"120":0,"121":0,"122":0,"123":0,"124":0,"125":0,"126":0,"127":0,"128":0,"129":0,"130":0,"131":0,"132":0,"133":0,"134":0,"135":0,"136":0,"137":0,"138":0,"139":0,"140":0,"141":0,"142":0,"143":0,"144":0,"145":0,"146":0,"147":0,"148":0,"149":0,"150":0,"151":0,"152":0,"153":0,"154":0,"155":0,"156":0,"157":0,"158":0,"159":0,"160":0,"161":0,"162":0,"163":0,"164":0,"165":0,"166":0,"167":0,"168":0,"169":0,"170":0,"171":0,"172":0,"173":0,"174":0,"175":0,"176":0,"177":0,"178":0,"179":0,"180":0,"181":0,"182":0,"183":0,"184":0,"185":0,"186":0,"187":0,"188":0,"189":0,"190":0,"191":0,"192":0,"193":0,"194":0,"195":0,"196":0,"197":0,"198":0,"199":0,"200":0,"201":0,"202":0,"203":0,"204":0,"205":0,"206":0,"207":0,"208":0,"209":0,"210":0,"211":0,"212":0,"213":0,"214":0,"215":0,"216":0,"217":0,"218":0,"219":0,"220":0,"221":0,"222":0,"223":0,"224":0,"225":0,"226":0,"227":0,"228":0,"229":0},"branchMap":{"0":{"type":"branch","line":1,"loc":{"start":{"line":1,"column":0},"end":{"line":230,"column":1}},"locations":[{"start":{"line":1,"column":0},"end":{"line":230,"column":1}}]}},"b":{"0":[0]},"fnMap":{"0":{"name":"(empty-report)","decl":{"start":{"line":1,"column":0},"end":{"line":230,"column":1}},"loc":{"start":{"line":1,"column":0},"end":{"line":230,"column":1}},"line":1}},"f":{"0":0}}
}
